
     Program THERMO_PW v.6.0 (svn rev. 13079) starts on 13Feb2017 at 16:48:17 

     This program is part of the open-source Quantum ESPRESSO suite
     for quantum simulation of materials; please cite
         "P. Giannozzi et al., J. Phys.:Condens. Matter 21 395502 (2009);
          URL http://www.quantum-espresso.org", 
     in publications or presentations arising from this work. More details at
     http://www.quantum-espresso.org/quote

     Parallel version (MPI), running on     4 processors
     path-images division:  nimage    =       2
     R & G space division:  proc/nbgrp/npool/nimage =       2
     Reading input from _temporary_1
               file Al.pz-n-kjpaw_psl.0.1.UPF: wavefunction(s)  3S renormalized


     Calculating the bands at the Murnaghan minimum volume
     Use what=plot_bz to visualize the BZ path

   Info: using nr1, nr2, nr3 values from input

     FFT mesh: (   24,   24,   24 )

     48 Sym. Ops., with inversion, found


                                    s                        frac. trans.

      isym =  1     identity                                     

 cryst.   s( 1) = (     1          0          0      )
                  (     0          1          0      )
                  (     0          0          1      )

 cart.    s( 1) = (  1.0000000  0.0000000  0.0000000 )
                  (  0.0000000  1.0000000  0.0000000 )
                  (  0.0000000  0.0000000  1.0000000 )


      isym =  2     180 deg rotation - cart. axis [0,0,1]        

 cryst.   s( 2) = (     0          1         -1      )
                  (     1          0         -1      )
                  (     0          0         -1      )

 cart.    s( 2) = ( -1.0000000  0.0000000  0.0000000 )
                  (  0.0000000 -1.0000000  0.0000000 )
                  (  0.0000000  0.0000000  1.0000000 )


      isym =  3     180 deg rotation - cart. axis [0,1,0]        

 cryst.   s( 3) = (    -1          0          0      )
                  (    -1          0          1      )
                  (    -1          1          0      )

 cart.    s( 3) = ( -1.0000000  0.0000000  0.0000000 )
                  (  0.0000000  1.0000000  0.0000000 )
                  (  0.0000000  0.0000000 -1.0000000 )


      isym =  4     180 deg rotation - cart. axis [1,0,0]        

 cryst.   s( 4) = (     0         -1          1      )
                  (     0         -1          0      )
                  (     1         -1          0      )

 cart.    s( 4) = (  1.0000000  0.0000000  0.0000000 )
                  (  0.0000000 -1.0000000  0.0000000 )
                  (  0.0000000  0.0000000 -1.0000000 )


      isym =  5     180 deg rotation - cart. axis [1,1,0]        

 cryst.   s( 5) = (     0         -1          0      )
                  (    -1          0          0      )
                  (     0          0         -1      )

 cart.    s( 5) = (  0.0000000  1.0000000  0.0000000 )
                  (  1.0000000  0.0000000  0.0000000 )
                  (  0.0000000  0.0000000 -1.0000000 )


      isym =  6     180 deg rotation - cart. axis [1,-1,0]       

 cryst.   s( 6) = (    -1          0          1      )
                  (     0         -1          1      )
                  (     0          0          1      )

 cart.    s( 6) = (  0.0000000 -1.0000000  0.0000000 )
                  ( -1.0000000  0.0000000  0.0000000 )
                  (  0.0000000  0.0000000 -1.0000000 )


      isym =  7      90 deg rotation - cart. axis [0,0,-1]       

 cryst.   s( 7) = (     0          1          0      )
                  (     0          1         -1      )
                  (    -1          1          0      )

 cart.    s( 7) = (  0.0000000  1.0000000  0.0000000 )
                  ( -1.0000000  0.0000000  0.0000000 )
                  (  0.0000000  0.0000000  1.0000000 )


      isym =  8      90 deg rotation - cart. axis [0,0,1]        

 cryst.   s( 8) = (     1          0         -1      )
                  (     1          0          0      )
                  (     1         -1          0      )

 cart.    s( 8) = (  0.0000000 -1.0000000  0.0000000 )
                  (  1.0000000  0.0000000  0.0000000 )
                  (  0.0000000  0.0000000  1.0000000 )


      isym =  9     180 deg rotation - cart. axis [1,0,1]        

 cryst.   s( 9) = (    -1          0          0      )
                  (     0          0         -1      )
                  (     0         -1          0      )

 cart.    s( 9) = (  0.0000000  0.0000000  1.0000000 )
                  (  0.0000000 -1.0000000  0.0000000 )
                  (  1.0000000  0.0000000  0.0000000 )


      isym = 10     180 deg rotation - cart. axis [-1,0,1]       

 cryst.   s(10) = (     1          0          0      )
                  (     1         -1          0      )
                  (     1          0         -1      )

 cart.    s(10) = (  0.0000000  0.0000000 -1.0000000 )
                  (  0.0000000 -1.0000000  0.0000000 )
                  ( -1.0000000  0.0000000  0.0000000 )


      isym = 11      90 deg rotation - cart. axis [0,1,0]        

 cryst.   s(11) = (     0          1         -1      )
                  (    -1          1          0      )
                  (     0          1          0      )

 cart.    s(11) = (  0.0000000  0.0000000  1.0000000 )
                  (  0.0000000  1.0000000  0.0000000 )
                  ( -1.0000000  0.0000000  0.0000000 )


      isym = 12      90 deg rotation - cart. axis [0,-1,0]       

 cryst.   s(12) = (     0         -1          1      )
                  (     0          0          1      )
                  (    -1          0          1      )

 cart.    s(12) = (  0.0000000  0.0000000 -1.0000000 )
                  (  0.0000000  1.0000000  0.0000000 )
                  (  1.0000000  0.0000000  0.0000000 )


      isym = 13     180 deg rotation - cart. axis [0,1,1]        

 cryst.   s(13) = (    -1          1          0      )
                  (     0          1          0      )
                  (     0          1         -1      )

 cart.    s(13) = ( -1.0000000  0.0000000  0.0000000 )
                  (  0.0000000  0.0000000  1.0000000 )
                  (  0.0000000  1.0000000  0.0000000 )


      isym = 14     180 deg rotation - cart. axis [0,1,-1]       

 cryst.   s(14) = (     0          0         -1      )
                  (     0         -1          0      )
                  (    -1          0          0      )

 cart.    s(14) = ( -1.0000000  0.0000000  0.0000000 )
                  (  0.0000000  0.0000000 -1.0000000 )
                  (  0.0000000 -1.0000000  0.0000000 )


      isym = 15      90 deg rotation - cart. axis [-1,0,0]       

 cryst.   s(15) = (     0          0          1      )
                  (    -1          0          1      )
                  (     0         -1          1      )

 cart.    s(15) = (  1.0000000  0.0000000  0.0000000 )
                  (  0.0000000  0.0000000  1.0000000 )
                  (  0.0000000 -1.0000000  0.0000000 )


      isym = 16      90 deg rotation - cart. axis [1,0,0]        

 cryst.   s(16) = (     1         -1          0      )
                  (     1          0         -1      )
                  (     1          0          0      )

 cart.    s(16) = (  1.0000000  0.0000000  0.0000000 )
                  (  0.0000000  0.0000000 -1.0000000 )
                  (  0.0000000  1.0000000  0.0000000 )


      isym = 17     120 deg rotation - cart. axis [-1,-1,-1]     

 cryst.   s(17) = (    -1          0          1      )
                  (    -1          1          0      )
                  (    -1          0          0      )

 cart.    s(17) = (  0.0000000  1.0000000  0.0000000 )
                  (  0.0000000  0.0000000  1.0000000 )
                  (  1.0000000  0.0000000  0.0000000 )


      isym = 18     120 deg rotation - cart. axis [-1,1,1]       

 cryst.   s(18) = (     0          1          0      )
                  (     0          0          1      )
                  (     1          0          0      )

 cart.    s(18) = (  0.0000000 -1.0000000  0.0000000 )
                  (  0.0000000  0.0000000  1.0000000 )
                  ( -1.0000000  0.0000000  0.0000000 )


      isym = 19     120 deg rotation - cart. axis [1,1,-1]       

 cryst.   s(19) = (     1          0         -1      )
                  (     0          0         -1      )
                  (     0          1         -1      )

 cart.    s(19) = (  0.0000000  1.0000000  0.0000000 )
                  (  0.0000000  0.0000000 -1.0000000 )
                  ( -1.0000000  0.0000000  0.0000000 )


      isym = 20     120 deg rotation - cart. axis [1,-1,1]       

 cryst.   s(20) = (     0         -1          0      )
                  (     1         -1          0      )
                  (     0         -1          1      )

 cart.    s(20) = (  0.0000000 -1.0000000  0.0000000 )
                  (  0.0000000  0.0000000 -1.0000000 )
                  (  1.0000000  0.0000000  0.0000000 )


      isym = 21     120 deg rotation - cart. axis [1,1,1]        

 cryst.   s(21) = (     0          0         -1      )
                  (     0          1         -1      )
                  (     1          0         -1      )

 cart.    s(21) = (  0.0000000  0.0000000  1.0000000 )
                  (  1.0000000  0.0000000  0.0000000 )
                  (  0.0000000  1.0000000  0.0000000 )


      isym = 22     120 deg rotation - cart. axis [-1,1,-1]      

 cryst.   s(22) = (    -1          1          0      )
                  (    -1          0          0      )
                  (    -1          0          1      )

 cart.    s(22) = (  0.0000000  0.0000000  1.0000000 )
                  ( -1.0000000  0.0000000  0.0000000 )
                  (  0.0000000 -1.0000000  0.0000000 )


      isym = 23     120 deg rotation - cart. axis [1,-1,-1]      

 cryst.   s(23) = (     0          0          1      )
                  (     1          0          0      )
                  (     0          1          0      )

 cart.    s(23) = (  0.0000000  0.0000000 -1.0000000 )
                  ( -1.0000000  0.0000000  0.0000000 )
                  (  0.0000000  1.0000000  0.0000000 )


      isym = 24     120 deg rotation - cart. axis [-1,-1,1]      

 cryst.   s(24) = (     1         -1          0      )
                  (     0         -1          1      )
                  (     0         -1          0      )

 cart.    s(24) = (  0.0000000  0.0000000 -1.0000000 )
                  (  1.0000000  0.0000000  0.0000000 )
                  (  0.0000000 -1.0000000  0.0000000 )


      isym = 25     inversion                                    

 cryst.   s(25) = (    -1          0          0      )
                  (     0         -1          0      )
                  (     0          0         -1      )

 cart.    s(25) = ( -1.0000000  0.0000000  0.0000000 )
                  (  0.0000000 -1.0000000  0.0000000 )
                  (  0.0000000  0.0000000 -1.0000000 )


      isym = 26     inv. 180 deg rotation - cart. axis [0,0,1]   

 cryst.   s(26) = (     0         -1          1      )
                  (    -1          0          1      )
                  (     0          0          1      )

 cart.    s(26) = (  1.0000000  0.0000000  0.0000000 )
                  (  0.0000000  1.0000000  0.0000000 )
                  (  0.0000000  0.0000000 -1.0000000 )


      isym = 27     inv. 180 deg rotation - cart. axis [0,1,0]   

 cryst.   s(27) = (     1          0          0      )
                  (     1          0         -1      )
                  (     1         -1          0      )

 cart.    s(27) = (  1.0000000  0.0000000  0.0000000 )
                  (  0.0000000 -1.0000000  0.0000000 )
                  (  0.0000000  0.0000000  1.0000000 )


      isym = 28     inv. 180 deg rotation - cart. axis [1,0,0]   

 cryst.   s(28) = (     0          1         -1      )
                  (     0          1          0      )
                  (    -1          1          0      )

 cart.    s(28) = ( -1.0000000  0.0000000  0.0000000 )
                  (  0.0000000  1.0000000  0.0000000 )
                  (  0.0000000  0.0000000  1.0000000 )


      isym = 29     inv. 180 deg rotation - cart. axis [1,1,0]   

 cryst.   s(29) = (     0          1          0      )
                  (     1          0          0      )
                  (     0          0          1      )

 cart.    s(29) = (  0.0000000 -1.0000000  0.0000000 )
                  ( -1.0000000  0.0000000  0.0000000 )
                  (  0.0000000  0.0000000  1.0000000 )


      isym = 30     inv. 180 deg rotation - cart. axis [1,-1,0]  

 cryst.   s(30) = (     1          0         -1      )
                  (     0          1         -1      )
                  (     0          0         -1      )

 cart.    s(30) = (  0.0000000  1.0000000  0.0000000 )
                  (  1.0000000  0.0000000  0.0000000 )
                  (  0.0000000  0.0000000  1.0000000 )


      isym = 31     inv.  90 deg rotation - cart. axis [0,0,-1]  

 cryst.   s(31) = (     0         -1          0      )
                  (     0         -1          1      )
                  (     1         -1          0      )

 cart.    s(31) = (  0.0000000 -1.0000000  0.0000000 )
                  (  1.0000000  0.0000000  0.0000000 )
                  (  0.0000000  0.0000000 -1.0000000 )


      isym = 32     inv.  90 deg rotation - cart. axis [0,0,1]   

 cryst.   s(32) = (    -1          0          1      )
                  (    -1          0          0      )
                  (    -1          1          0      )

 cart.    s(32) = (  0.0000000  1.0000000  0.0000000 )
                  ( -1.0000000  0.0000000  0.0000000 )
                  (  0.0000000  0.0000000 -1.0000000 )


      isym = 33     inv. 180 deg rotation - cart. axis [1,0,1]   

 cryst.   s(33) = (     1          0          0      )
                  (     0          0          1      )
                  (     0          1          0      )

 cart.    s(33) = (  0.0000000  0.0000000 -1.0000000 )
                  (  0.0000000  1.0000000  0.0000000 )
                  ( -1.0000000  0.0000000  0.0000000 )


      isym = 34     inv. 180 deg rotation - cart. axis [-1,0,1]  

 cryst.   s(34) = (    -1          0          0      )
                  (    -1          1          0      )
                  (    -1          0          1      )

 cart.    s(34) = (  0.0000000  0.0000000  1.0000000 )
                  (  0.0000000  1.0000000  0.0000000 )
                  (  1.0000000  0.0000000  0.0000000 )


      isym = 35     inv.  90 deg rotation - cart. axis [0,1,0]   

 cryst.   s(35) = (     0         -1          1      )
                  (     1         -1          0      )
                  (     0         -1          0      )

 cart.    s(35) = (  0.0000000  0.0000000 -1.0000000 )
                  (  0.0000000 -1.0000000  0.0000000 )
                  (  1.0000000  0.0000000  0.0000000 )


      isym = 36     inv.  90 deg rotation - cart. axis [0,-1,0]  

 cryst.   s(36) = (     0          1         -1      )
                  (     0          0         -1      )
                  (     1          0         -1      )

 cart.    s(36) = (  0.0000000  0.0000000  1.0000000 )
                  (  0.0000000 -1.0000000  0.0000000 )
                  ( -1.0000000  0.0000000  0.0000000 )


      isym = 37     inv. 180 deg rotation - cart. axis [0,1,1]   

 cryst.   s(37) = (     1         -1          0      )
                  (     0         -1          0      )
                  (     0         -1          1      )

 cart.    s(37) = (  1.0000000  0.0000000  0.0000000 )
                  (  0.0000000  0.0000000 -1.0000000 )
                  (  0.0000000 -1.0000000  0.0000000 )


      isym = 38     inv. 180 deg rotation - cart. axis [0,1,-1]  

 cryst.   s(38) = (     0          0          1      )
                  (     0          1          0      )
                  (     1          0          0      )

 cart.    s(38) = (  1.0000000  0.0000000  0.0000000 )
                  (  0.0000000  0.0000000  1.0000000 )
                  (  0.0000000  1.0000000  0.0000000 )


      isym = 39     inv.  90 deg rotation - cart. axis [-1,0,0]  

 cryst.   s(39) = (     0          0         -1      )
                  (     1          0         -1      )
                  (     0          1         -1      )

 cart.    s(39) = ( -1.0000000  0.0000000  0.0000000 )
                  (  0.0000000  0.0000000 -1.0000000 )
                  (  0.0000000  1.0000000  0.0000000 )


      isym = 40     inv.  90 deg rotation - cart. axis [1,0,0]   

 cryst.   s(40) = (    -1          1          0      )
                  (    -1          0          1      )
                  (    -1          0          0      )

 cart.    s(40) = ( -1.0000000  0.0000000  0.0000000 )
                  (  0.0000000  0.0000000  1.0000000 )
                  (  0.0000000 -1.0000000  0.0000000 )


      isym = 41     inv. 120 deg rotation - cart. axis [-1,-1,-1]

 cryst.   s(41) = (     1          0         -1      )
                  (     1         -1          0      )
                  (     1          0          0      )

 cart.    s(41) = (  0.0000000 -1.0000000  0.0000000 )
                  (  0.0000000  0.0000000 -1.0000000 )
                  ( -1.0000000  0.0000000  0.0000000 )


      isym = 42     inv. 120 deg rotation - cart. axis [-1,1,1]  

 cryst.   s(42) = (     0         -1          0      )
                  (     0          0         -1      )
                  (    -1          0          0      )

 cart.    s(42) = (  0.0000000  1.0000000  0.0000000 )
                  (  0.0000000  0.0000000 -1.0000000 )
                  (  1.0000000  0.0000000  0.0000000 )


      isym = 43     inv. 120 deg rotation - cart. axis [1,1,-1]  

 cryst.   s(43) = (    -1          0          1      )
                  (     0          0          1      )
                  (     0         -1          1      )

 cart.    s(43) = (  0.0000000 -1.0000000  0.0000000 )
                  (  0.0000000  0.0000000  1.0000000 )
                  (  1.0000000  0.0000000  0.0000000 )


      isym = 44     inv. 120 deg rotation - cart. axis [1,-1,1]  

 cryst.   s(44) = (     0          1          0      )
                  (    -1          1          0      )
                  (     0          1         -1      )

 cart.    s(44) = (  0.0000000  1.0000000  0.0000000 )
                  (  0.0000000  0.0000000  1.0000000 )
                  ( -1.0000000  0.0000000  0.0000000 )


      isym = 45     inv. 120 deg rotation - cart. axis [1,1,1]   

 cryst.   s(45) = (     0          0          1      )
                  (     0         -1          1      )
                  (    -1          0          1      )

 cart.    s(45) = (  0.0000000  0.0000000 -1.0000000 )
                  ( -1.0000000  0.0000000  0.0000000 )
                  (  0.0000000 -1.0000000  0.0000000 )


      isym = 46     inv. 120 deg rotation - cart. axis [-1,1,-1] 

 cryst.   s(46) = (     1         -1          0      )
                  (     1          0          0      )
                  (     1          0         -1      )

 cart.    s(46) = (  0.0000000  0.0000000 -1.0000000 )
                  (  1.0000000  0.0000000  0.0000000 )
                  (  0.0000000  1.0000000  0.0000000 )


      isym = 47     inv. 120 deg rotation - cart. axis [1,-1,-1] 

 cryst.   s(47) = (     0          0         -1      )
                  (    -1          0          0      )
                  (     0         -1          0      )

 cart.    s(47) = (  0.0000000  0.0000000  1.0000000 )
                  (  1.0000000  0.0000000  0.0000000 )
                  (  0.0000000 -1.0000000  0.0000000 )


      isym = 48     inv. 120 deg rotation - cart. axis [-1,-1,1] 

 cryst.   s(48) = (    -1          1          0      )
                  (     0          1         -1      )
                  (     0          1          0      )

 cart.    s(48) = (  0.0000000  0.0000000  1.0000000 )
                  ( -1.0000000  0.0000000  0.0000000 )
                  (  0.0000000  1.0000000  0.0000000 )


     point group O_h (m-3m) 
     there are 10 classes
     the character table:

       E     8C3   3C2   6C4   6C2'  i     8S6   3s_h  6S4   6s_d 
A_1g   1.00  1.00  1.00  1.00  1.00  1.00  1.00  1.00  1.00  1.00
A_2g   1.00  1.00  1.00 -1.00 -1.00  1.00  1.00  1.00 -1.00 -1.00
E_g    2.00 -1.00  2.00  0.00  0.00  2.00 -1.00  2.00  0.00  0.00
T_1g   3.00  0.00 -1.00  1.00 -1.00  3.00  0.00 -1.00  1.00 -1.00
T_2g   3.00  0.00 -1.00 -1.00  1.00  3.00  0.00 -1.00 -1.00  1.00
A_1u   1.00  1.00  1.00  1.00  1.00 -1.00 -1.00 -1.00 -1.00 -1.00
A_2u   1.00  1.00  1.00 -1.00 -1.00 -1.00 -1.00 -1.00  1.00  1.00
E_u    2.00 -1.00  2.00  0.00  0.00 -2.00  1.00 -2.00  0.00  0.00
T_1u   3.00  0.00 -1.00  1.00 -1.00 -3.00  0.00  1.00 -1.00  1.00
T_2u   3.00  0.00 -1.00 -1.00  1.00 -3.00  0.00  1.00  1.00 -1.00

     the symmetry operations in each class and the name of the first element:

     E        1
          identity                                               
     8C3     17   19   20   18   24   21   22   23
          120 deg rotation - cart. axis [-1,-1,-1]               
     3C2      2    4    3
          180 deg rotation - cart. axis [0,0,1]                  
     6C4      7    8   15   16   12   11
           90 deg rotation - cart. axis [0,0,-1]                 
     6C2'     5    6   14   13   10    9
          180 deg rotation - cart. axis [1,1,0]                  
     i       25
          inversion                                              
     8S6     41   43   44   42   48   45   46   47
          inv. 120 deg rotation - cart. axis [-1,-1,-1]          
     3s_h    26   28   27
          inv. 180 deg rotation - cart. axis [0,0,1]             
     6S4     31   32   39   40   36   35
          inv.  90 deg rotation - cart. axis [0,0,-1]            
     6s_d    29   30   38   37   34   33
          inv. 180 deg rotation - cart. axis [1,1,0]             

     ibrav=2 Face centered cubic lattice

     crystal axes: (cart. coord. in units of alat)
               a(1) = (  -0.500000   0.000000   0.500000 )  
               a(2) = (   0.000000   0.500000   0.500000 )  
               a(3) = (  -0.500000   0.500000   0.000000 )  

     reciprocal axes: (cart. coord. in units 2 pi/alat)
               b(1) = ( -1.000000 -1.000000  1.000000 )  
               b(2) = (  1.000000  1.000000  1.000000 )  
               b(3) = ( -1.000000  1.000000 -1.000000 )  


   Cartesian axes

     site n.     atom                  positions (alat units)
         1           Al  tau(   1) = (   0.0000000   0.0000000   0.0000000  )

   Crystallographic axes

     site n.     atom                  positions (cryst. coord.)
         1           Al  tau(   1) = (  0.0000000  0.0000000  0.0000000  )

     The point group, O_h (m-3m), is compatible with the Bravais lattice.

     Space group identification,  48 symmetries:
     (Optional origin shifts are indicated for C2, mirrors,
     and inversion symmetries)

         1  identity  E
         2  rotation of 180 degrees    C2    (2)
         3  rotation of 180 degrees    C2    (2)
         4  rotation of 180 degrees    C2    (2)
         5  rotation of 180 degrees    C2    (2)
         6  rotation of 180 degrees    C2    (2)
         7  rotation of 270 degrees    C4^3 (4^3)
         8  rotation of 90  degrees    C4    (4)
         9  rotation of 180 degrees    C2    (2)
        10  rotation of 180 degrees    C2    (2)
        11  rotation of 90  degrees    C4    (4)
        12  rotation of 270 degrees    C4^3 (4^3)
        13  rotation of 180 degrees    C2    (2)
        14  rotation of 180 degrees    C2    (2)
        15  rotation of 270 degrees    C4^3 (4^3)
        16  rotation of 90  degrees    C4    (4)
        17  rotation of 240 degrees    C3^2 (3^2)
        18  rotation of 120 degrees    C3    (3)
        19  rotation of 240 degrees    C3^2 (3^2)
        20  rotation of 120 degrees    C3    (3)
        21  rotation of 120 degrees    C3    (3)
        22  rotation of 240 degrees    C3^2 (3^2)
        23  rotation of 240 degrees    C3^2 (3^2)
        24  rotation of 120 degrees    C3    (3)
        25  inversion i
        26  mirror    s
        27  mirror    s
        28  mirror    s
        29  mirror    s
        30  mirror    s
        31  rotation of 90  degrees multiplied by inversion S4^3 (-4)
        32  rotation of 270 degrees multiplied by inversion S4  (-4^3)
        33  mirror    s
        34  mirror    s
        35  rotation of 270 degrees multiplied by inversion S4  (-4^3)
        36  rotation of 90  degrees multiplied by inversion S4^3 (-4)
        37  mirror    s
        38  mirror    s
        39  rotation of 90  degrees multiplied by inversion S4^3 (-4)
        40  rotation of 270 degrees multiplied by inversion S4  (-4^3)
        41  rotation of 120 degrees multiplied by inversion S6^5 (-3)
        42  rotation of 240 degrees multiplied by inversion S6  (-3^2)
        43  rotation of 120 degrees multiplied by inversion S6^5 (-3)
        44  rotation of 240 degrees multiplied by inversion S6  (-3^2)
        45  rotation of 240 degrees multiplied by inversion S6  (-3^2)
        46  rotation of 120 degrees multiplied by inversion S6^5 (-3)
        47  rotation of 120 degrees multiplied by inversion S6^5 (-3)
        48  rotation of 240 degrees multiplied by inversion S6  (-3^2)

     Space group Fm-3m   (group number 225).

     The Laue class is O_h (m-3m) 
     The Murnaghan relaxation will require  9 scf calculations

     ----------------------------------------------------------------------
     Ions are relaxed in each calculation
     ----------------------------------------------------------------------

     Total mass of this unit cell         26.9815 a.m.u.
     Density of this solid                2823.61 kg/m^3         2.8236 g/cm^3

  ++++++++++++++++++++++++++++++++++++++++++++++++++++++++++++++++++++++++++++
     I am the master and now I do geometry    2
  ++++++++++++++++++++++++++++++++++++++++++++++++++++++++++++++++++++++++++++


     Current dimensions of program PWSCF are:
     Max number of different atomic species (ntypx) = 10
     Max number of k-points (npk) =  40000
     Max angular momentum in pseudopotentials (lmaxx) =  3

     Subspace diagonalization in iterative solution of the eigenvalue problem:
     a serial algorithm will be used


   Info: using nr1, nr2, nr3 values from input

   Info: using nr1, nr2, nr3 values from input
 
     Parallelization info
     --------------------
     sticks:   dense  smooth     PW     G-vecs:    dense   smooth      PW
     Min         189     111     42                 2454     1114     264
     Max         190     112     43                 2455     1115     267
     Sum         379     223     85                 4909     2229     531
 


     bravais-lattice index     =            2
     lattice parameter (alat)  =       7.3880  a.u.
     unit-cell volume          =     100.8140 (a.u.)^3
     number of atoms/cell      =            1
     number of atomic types    =            1
     number of electrons       =         3.00
     number of Kohn-Sham states=            6
     kinetic-energy cutoff     =      30.0000  Ry
     charge density cutoff     =     200.0000  Ry
     convergence threshold     =      1.0E-10
     mixing beta               =       0.7000
     number of iterations used =            8  plain     mixing
     Exchange-correlation      =  SLA  PZ   NOGX NOGC ( 1  1  0  0 0 0)
     nstep                     =           20


     celldm(1)=   7.388000  celldm(2)=   0.000000  celldm(3)=   0.000000
     celldm(4)=   0.000000  celldm(5)=   0.000000  celldm(6)=   0.000000

     crystal axes: (cart. coord. in units of alat)
               a(1) = (  -0.500000   0.000000   0.500000 )  
               a(2) = (   0.000000   0.500000   0.500000 )  
               a(3) = (  -0.500000   0.500000   0.000000 )  

     reciprocal axes: (cart. coord. in units 2 pi/alat)
               b(1) = ( -1.000000 -1.000000  1.000000 )  
               b(2) = (  1.000000  1.000000  1.000000 )  
               b(3) = ( -1.000000  1.000000 -1.000000 )  


     PseudoPot. # 1 for Al read from file:
     /egr/research-cmdgroup/santiama/DFT/espresso/pseudopots/Al.pz-n-kjpaw_psl.0.1.UPF
     MD5 check sum: 5e50e262f7671378a2703eb3a063dedb
     Pseudo is Projector augmented-wave + core cor, Zval =  3.0
     Generated using "atomic" code by A. Dal Corso  v.5.0.2 svn rev. 9415
     Shape of augmentation charge: PSQ
     Using radial grid of 1135 points,  4 beta functions with: 
                l(1) =   0
                l(2) =   0
                l(3) =   1
                l(4) =   1
     Q(r) pseudized with 0 coefficients 


     atomic species   valence    mass     pseudopotential
        Al             3.00    26.98154     Al( 1.00)

     48 Sym. Ops., with inversion, found



   Cartesian axes

     site n.     atom                  positions (alat units)
         1           Al  tau(   1) = (   0.0000000   0.0000000   0.0000000  )

     number of k points=   408  Methfessel-Paxton smearing, width (Ry)=  0.0200

     Number of k-points >= 100: set verbosity='high' to print them.

     Dense  grid:     4909 G-vectors     FFT dimensions: (  24,  24,  24)

     Smooth grid:     2229 G-vectors     FFT dimensions: (  20,  20,  20)

     Estimated max dynamical RAM per process >       6.83Mb

     Estimated total allocated dynamical RAM >      13.66Mb

     Check: negative/imaginary core charge=   -0.000005    0.000000

     Initial potential from superposition of free atoms

     starting charge    2.99797, renormalised to    3.00000
     Starting wfc are    4 randomized atomic wfcs +    2 random wfc
     Checking if some PAW data can be deallocated... 

     total cpu time spent up to now is        1.6 secs

     per-process dynamical memory:     9.1 Mb

     Self-consistent Calculation

     iteration #  1     ecut=    30.00 Ry     beta=0.70
     Davidson diagonalization with overlap
     ethr =  1.00E-02,  avg # of iterations =  4.7

     Threshold (ethr) on eigenvalues was too large:
     Diagonalizing with lowered threshold

     Davidson diagonalization with overlap
     ethr =  1.89E-04,  avg # of iterations =  2.0

     total cpu time spent up to now is        6.5 secs

     total energy              =     -37.60796941 Ry
     Harris-Foulkes estimate   =     -37.60974152 Ry
     estimated scf accuracy    <       0.00535789 Ry

     iteration #  2     ecut=    30.00 Ry     beta=0.70
     Davidson diagonalization with overlap
     ethr =  1.79E-04,  avg # of iterations =  1.0

     total cpu time spent up to now is        8.0 secs

     total energy              =     -37.60791578 Ry
     Harris-Foulkes estimate   =     -37.60804496 Ry
     estimated scf accuracy    <       0.00037305 Ry

     iteration #  3     ecut=    30.00 Ry     beta=0.70
     Davidson diagonalization with overlap
     ethr =  1.24E-05,  avg # of iterations =  1.8

     total cpu time spent up to now is        9.5 secs

     total energy              =     -37.60793356 Ry
     Harris-Foulkes estimate   =     -37.60793376 Ry
     estimated scf accuracy    <       0.00000054 Ry

     iteration #  4     ecut=    30.00 Ry     beta=0.70
     Davidson diagonalization with overlap
     ethr =  1.81E-08,  avg # of iterations =  3.3

     total cpu time spent up to now is       11.3 secs

     total energy              =     -37.60793656 Ry
     Harris-Foulkes estimate   =     -37.60793659 Ry
     estimated scf accuracy    <       0.00000003 Ry

     iteration #  5     ecut=    30.00 Ry     beta=0.70
     Davidson diagonalization with overlap
     ethr =  9.83E-10,  avg # of iterations =  1.1

     total cpu time spent up to now is       12.9 secs

     total energy              =     -37.60793656 Ry
     Harris-Foulkes estimate   =     -37.60793656 Ry
     estimated scf accuracy    <          1.1E-10 Ry

     iteration #  6     ecut=    30.00 Ry     beta=0.70
     Davidson diagonalization with overlap
     ethr =  3.63E-12,  avg # of iterations =  3.3

     total cpu time spent up to now is       15.0 secs

     End of self-consistent calculation

     Number of k-points >= 100: set verbosity='high' to print the bands.

     the Fermi energy is     8.7415 ev

!    total energy              =     -37.60793656 Ry
     Harris-Foulkes estimate   =     -37.60793656 Ry
     estimated scf accuracy    <          8.7E-12 Ry

     total all-electron energy =      -483.834845 Ry

     The total energy is the sum of the following terms:

     one-electron contribution =       3.42057641 Ry
     hartree contribution      =       0.00614599 Ry
     xc contribution           =      -3.09088046 Ry
     ewald contribution        =      -5.58524078 Ry
     one-center paw contrib.   =     -32.35847505 Ry
     smearing contrib. (-TS)   =      -0.00006267 Ry

     convergence has been achieved in   6 iterations

     Forces acting on atoms (Ry/au):

     atom    1 type  1   force =     0.00000000    0.00000000    0.00000000

     Total force =     0.000000     Total SCF correction =     0.000000


     entering subroutine stress ...

          total   stress  (Ry/bohr**3)                   (kbar)     P=   52.17
   0.00035465   0.00000000   0.00000000         52.17      0.00      0.00
   0.00000000   0.00035465  -0.00000000          0.00     52.17     -0.00
   0.00000000   0.00000000   0.00035465          0.00      0.00     52.17


     BFGS Geometry Optimization

     bfgs converged in   1 scf cycles and   0 bfgs steps
     (criteria: energy <  1.0E-04, force <  1.0E-03)

     End of BFGS Geometry Optimization

     Final energy   =     -37.6079365595 Ry
Begin final coordinates

ATOMIC_POSITIONS (alat)
Al       0.000000000   0.000000000   0.000000000
End final coordinates



  ++++++++++++++++++++++++++++++++++++++++++++++++++++++++++++++++++++++++++++
     I am the master and now I do geometry    4
  ++++++++++++++++++++++++++++++++++++++++++++++++++++++++++++++++++++++++++++


     Current dimensions of program PWSCF are:
     Max number of different atomic species (ntypx) = 10
     Max number of k-points (npk) =  40000
     Max angular momentum in pseudopotentials (lmaxx) =  3

   Info: using nr1, nr2, nr3 values from input

   Info: using nr1, nr2, nr3 values from input
 
     Parallelization info
     --------------------
     sticks:   dense  smooth     PW     G-vecs:    dense   smooth      PW
     Min         189     117     42                 2513     1138     267
     Max         190     118     43                 2516     1139     270
     Sum         379     235     85                 5029     2277     537
 


     bravais-lattice index     =            2
     lattice parameter (alat)  =       7.4880  a.u.
     unit-cell volume          =     104.9633 (a.u.)^3
     number of atoms/cell      =            1
     number of atomic types    =            1
     number of electrons       =         3.00
     number of Kohn-Sham states=            6
     kinetic-energy cutoff     =      30.0000  Ry
     charge density cutoff     =     200.0000  Ry
     convergence threshold     =      1.0E-10
     mixing beta               =       0.7000
     number of iterations used =            8  plain     mixing
     Exchange-correlation      =  SLA  PZ   NOGX NOGC ( 1  1  0  0 0 0)
     nstep                     =           20


     celldm(1)=   7.488000  celldm(2)=   0.000000  celldm(3)=   0.000000
     celldm(4)=   0.000000  celldm(5)=   0.000000  celldm(6)=   0.000000

     crystal axes: (cart. coord. in units of alat)
               a(1) = (  -0.500000   0.000000   0.500000 )  
               a(2) = (   0.000000   0.500000   0.500000 )  
               a(3) = (  -0.500000   0.500000   0.000000 )  

     reciprocal axes: (cart. coord. in units 2 pi/alat)
               b(1) = ( -1.000000 -1.000000  1.000000 )  
               b(2) = (  1.000000  1.000000  1.000000 )  
               b(3) = ( -1.000000  1.000000 -1.000000 )  


     PseudoPot. # 1 for Al read from file:
     /egr/research-cmdgroup/santiama/DFT/espresso/pseudopots/Al.pz-n-kjpaw_psl.0.1.UPF
     MD5 check sum: 5e50e262f7671378a2703eb3a063dedb
     Pseudo is Projector augmented-wave + core cor, Zval =  3.0
     Generated using "atomic" code by A. Dal Corso  v.5.0.2 svn rev. 9415
     Shape of augmentation charge: PSQ
     Using radial grid of 1135 points,  4 beta functions with: 
                l(1) =   0
                l(2) =   0
                l(3) =   1
                l(4) =   1
     Q(r) pseudized with 0 coefficients 


     atomic species   valence    mass     pseudopotential
        Al             3.00    26.98154     Al( 1.00)

     48 Sym. Ops., with inversion, found



   Cartesian axes

     site n.     atom                  positions (alat units)
         1           Al  tau(   1) = (   0.0000000   0.0000000   0.0000000  )

     number of k points=   408  Methfessel-Paxton smearing, width (Ry)=  0.0200

     Number of k-points >= 100: set verbosity='high' to print them.

     Dense  grid:     5029 G-vectors     FFT dimensions: (  24,  24,  24)

     Smooth grid:     2277 G-vectors     FFT dimensions: (  20,  20,  20)

     Estimated max dynamical RAM per process >       7.04Mb

     Estimated total allocated dynamical RAM >      14.08Mb

     Check: negative/imaginary core charge=   -0.000005    0.000000

     Initial potential from superposition of free atoms

     starting charge    2.99797, renormalised to    3.00000
     Starting wfc are    4 randomized atomic wfcs +    2 random wfc
     Checking if some PAW data can be deallocated... 

     total cpu time spent up to now is       16.3 secs

     per-process dynamical memory:    11.1 Mb

     Self-consistent Calculation

     iteration #  1     ecut=    30.00 Ry     beta=0.70
     Davidson diagonalization with overlap
     ethr =  1.00E-02,  avg # of iterations =  4.7

     Threshold (ethr) on eigenvalues was too large:
     Diagonalizing with lowered threshold

     Davidson diagonalization with overlap
     ethr =  1.88E-04,  avg # of iterations =  2.1

     total cpu time spent up to now is       21.2 secs

     total energy              =     -37.60886008 Ry
     Harris-Foulkes estimate   =     -37.61065873 Ry
     estimated scf accuracy    <       0.00536447 Ry

     iteration #  2     ecut=    30.00 Ry     beta=0.70
     Davidson diagonalization with overlap
     ethr =  1.79E-04,  avg # of iterations =  1.0

     total cpu time spent up to now is       22.6 secs

     total energy              =     -37.60881899 Ry
     Harris-Foulkes estimate   =     -37.60894424 Ry
     estimated scf accuracy    <       0.00036398 Ry

     iteration #  3     ecut=    30.00 Ry     beta=0.70
     Davidson diagonalization with overlap
     ethr =  1.21E-05,  avg # of iterations =  1.9

     total cpu time spent up to now is       24.5 secs

     total energy              =     -37.60884054 Ry
     Harris-Foulkes estimate   =     -37.60884081 Ry
     estimated scf accuracy    <       0.00000068 Ry

     iteration #  4     ecut=    30.00 Ry     beta=0.70
     Davidson diagonalization with overlap
     ethr =  2.25E-08,  avg # of iterations =  3.2

     total cpu time spent up to now is       26.5 secs

     total energy              =     -37.60884349 Ry
     Harris-Foulkes estimate   =     -37.60884351 Ry
     estimated scf accuracy    <       0.00000001 Ry

     iteration #  5     ecut=    30.00 Ry     beta=0.70
     Davidson diagonalization with overlap
     ethr =  4.97E-10,  avg # of iterations =  1.3

     total cpu time spent up to now is       28.4 secs

     total energy              =     -37.60884349 Ry
     Harris-Foulkes estimate   =     -37.60884349 Ry
     estimated scf accuracy    <          1.7E-10 Ry

     iteration #  6     ecut=    30.00 Ry     beta=0.70
     Davidson diagonalization with overlap
     ethr =  5.77E-12,  avg # of iterations =  2.8

     total cpu time spent up to now is       30.6 secs

     End of self-consistent calculation

     Number of k-points >= 100: set verbosity='high' to print the bands.

     the Fermi energy is     8.3001 ev

!    total energy              =     -37.60884349 Ry
     Harris-Foulkes estimate   =     -37.60884349 Ry
     estimated scf accuracy    <          1.3E-11 Ry

     total all-electron energy =      -483.835752 Ry

     The total energy is the sum of the following terms:

     one-electron contribution =       3.31784470 Ry
     hartree contribution      =       0.00576574 Ry
     xc contribution           =      -3.06749009 Ry
     ewald contribution        =      -5.51065157 Ry
     one-center paw contrib.   =     -32.35426278 Ry
     smearing contrib. (-TS)   =      -0.00004949 Ry

     convergence has been achieved in   6 iterations

     Forces acting on atoms (Ry/au):

     atom    1 type  1   force =     0.00000000    0.00000000    0.00000000

     Total force =     0.000000     Total SCF correction =     0.000000


     entering subroutine stress ...

          total   stress  (Ry/bohr**3)                   (kbar)     P=   12.54
   0.00008526  -0.00000000  -0.00000000         12.54     -0.00     -0.00
  -0.00000000   0.00008526  -0.00000000         -0.00     12.54     -0.00
  -0.00000000  -0.00000000   0.00008526         -0.00     -0.00     12.54


     BFGS Geometry Optimization

     bfgs converged in   1 scf cycles and   0 bfgs steps
     (criteria: energy <  1.0E-04, force <  1.0E-03)

     End of BFGS Geometry Optimization

     Final energy   =     -37.6088434874 Ry
Begin final coordinates

ATOMIC_POSITIONS (alat)
Al       0.000000000   0.000000000   0.000000000
End final coordinates



  ++++++++++++++++++++++++++++++++++++++++++++++++++++++++++++++++++++++++++++
     I am the master and now I do geometry    6
  ++++++++++++++++++++++++++++++++++++++++++++++++++++++++++++++++++++++++++++


     Current dimensions of program PWSCF are:
     Max number of different atomic species (ntypx) = 10
     Max number of k-points (npk) =  40000
     Max angular momentum in pseudopotentials (lmaxx) =  3

   Info: using nr1, nr2, nr3 values from input

   Info: using nr1, nr2, nr3 values from input
 
     Parallelization info
     --------------------
     sticks:   dense  smooth     PW     G-vecs:    dense   smooth      PW
     Min         198     120     42                 2580     1210     267
     Max         199     121     43                 2581     1211     270
     Sum         397     241     85                 5161     2421     537
 


     bravais-lattice index     =            2
     lattice parameter (alat)  =       7.5880  a.u.
     unit-cell volume          =     109.2250 (a.u.)^3
     number of atoms/cell      =            1
     number of atomic types    =            1
     number of electrons       =         3.00
     number of Kohn-Sham states=            6
     kinetic-energy cutoff     =      30.0000  Ry
     charge density cutoff     =     200.0000  Ry
     convergence threshold     =      1.0E-10
     mixing beta               =       0.7000
     number of iterations used =            8  plain     mixing
     Exchange-correlation      =  SLA  PZ   NOGX NOGC ( 1  1  0  0 0 0)
     nstep                     =           20


     celldm(1)=   7.588000  celldm(2)=   0.000000  celldm(3)=   0.000000
     celldm(4)=   0.000000  celldm(5)=   0.000000  celldm(6)=   0.000000

     crystal axes: (cart. coord. in units of alat)
               a(1) = (  -0.500000   0.000000   0.500000 )  
               a(2) = (   0.000000   0.500000   0.500000 )  
               a(3) = (  -0.500000   0.500000   0.000000 )  

     reciprocal axes: (cart. coord. in units 2 pi/alat)
               b(1) = ( -1.000000 -1.000000  1.000000 )  
               b(2) = (  1.000000  1.000000  1.000000 )  
               b(3) = ( -1.000000  1.000000 -1.000000 )  


     PseudoPot. # 1 for Al read from file:
     /egr/research-cmdgroup/santiama/DFT/espresso/pseudopots/Al.pz-n-kjpaw_psl.0.1.UPF
     MD5 check sum: 5e50e262f7671378a2703eb3a063dedb
     Pseudo is Projector augmented-wave + core cor, Zval =  3.0
     Generated using "atomic" code by A. Dal Corso  v.5.0.2 svn rev. 9415
     Shape of augmentation charge: PSQ
     Using radial grid of 1135 points,  4 beta functions with: 
                l(1) =   0
                l(2) =   0
                l(3) =   1
                l(4) =   1
     Q(r) pseudized with 0 coefficients 


     atomic species   valence    mass     pseudopotential
        Al             3.00    26.98154     Al( 1.00)

     48 Sym. Ops., with inversion, found



   Cartesian axes

     site n.     atom                  positions (alat units)
         1           Al  tau(   1) = (   0.0000000   0.0000000   0.0000000  )

     number of k points=   408  Methfessel-Paxton smearing, width (Ry)=  0.0200

     Number of k-points >= 100: set verbosity='high' to print them.

     Dense  grid:     5161 G-vectors     FFT dimensions: (  25,  25,  25)

     Smooth grid:     2421 G-vectors     FFT dimensions: (  20,  20,  20)

     Estimated max dynamical RAM per process >       7.38Mb

     Estimated total allocated dynamical RAM >      14.77Mb

     Check: negative/imaginary core charge=   -0.000005    0.000000

     Initial potential from superposition of free atoms

     starting charge    2.99797, renormalised to    3.00000
     Starting wfc are    4 randomized atomic wfcs +    2 random wfc
     Checking if some PAW data can be deallocated... 

     total cpu time spent up to now is       32.2 secs

     per-process dynamical memory:    11.5 Mb

     Self-consistent Calculation

     iteration #  1     ecut=    30.00 Ry     beta=0.70
     Davidson diagonalization with overlap
     ethr =  1.00E-02,  avg # of iterations =  4.7

     Threshold (ethr) on eigenvalues was too large:
     Diagonalizing with lowered threshold

     Davidson diagonalization with overlap
     ethr =  1.87E-04,  avg # of iterations =  2.1

     total cpu time spent up to now is       37.1 secs

     total energy              =     -37.60873763 Ry
     Harris-Foulkes estimate   =     -37.61056524 Ry
     estimated scf accuracy    <       0.00535185 Ry

     iteration #  2     ecut=    30.00 Ry     beta=0.70
     Davidson diagonalization with overlap
     ethr =  1.78E-04,  avg # of iterations =  1.0

     total cpu time spent up to now is       38.4 secs

     total energy              =     -37.60870481 Ry
     Harris-Foulkes estimate   =     -37.60882825 Ry
     estimated scf accuracy    <       0.00035500 Ry

     iteration #  3     ecut=    30.00 Ry     beta=0.70
     Davidson diagonalization with overlap
     ethr =  1.18E-05,  avg # of iterations =  1.9

     total cpu time spent up to now is       40.0 secs

     total energy              =     -37.60872781 Ry
     Harris-Foulkes estimate   =     -37.60872810 Ry
     estimated scf accuracy    <       0.00000072 Ry

     iteration #  4     ecut=    30.00 Ry     beta=0.70
     Davidson diagonalization with overlap
     ethr =  2.40E-08,  avg # of iterations =  3.2

     total cpu time spent up to now is       41.9 secs

     total energy              =     -37.60873095 Ry
     Harris-Foulkes estimate   =     -37.60873098 Ry
     estimated scf accuracy    <       0.00000002 Ry

     iteration #  5     ecut=    30.00 Ry     beta=0.70
     Davidson diagonalization with overlap
     ethr =  5.17E-10,  avg # of iterations =  1.4

     total cpu time spent up to now is       43.4 secs

     total energy              =     -37.60873096 Ry
     Harris-Foulkes estimate   =     -37.60873096 Ry
     estimated scf accuracy    <          1.9E-10 Ry

     iteration #  6     ecut=    30.00 Ry     beta=0.70
     Davidson diagonalization with overlap
     ethr =  6.41E-12,  avg # of iterations =  2.7

     total cpu time spent up to now is       45.0 secs

     End of self-consistent calculation

     Number of k-points >= 100: set verbosity='high' to print the bands.

     the Fermi energy is     7.8769 ev

!    total energy              =     -37.60873096 Ry
     Harris-Foulkes estimate   =     -37.60873096 Ry
     estimated scf accuracy    <          1.5E-11 Ry

     total all-electron energy =      -483.835640 Ry

     The total energy is the sum of the following terms:

     one-electron contribution =       3.21933007 Ry
     hartree contribution      =       0.00555867 Ry
     xc contribution           =      -3.04505968 Ry
     ewald contribution        =      -5.43802833 Ry
     one-center paw contrib.   =     -32.35050243 Ry
     smearing contrib. (-TS)   =      -0.00002925 Ry

     convergence has been achieved in   6 iterations

     Forces acting on atoms (Ry/au):

     atom    1 type  1   force =     0.00000000    0.00000000    0.00000000

     Total force =     0.000000     Total SCF correction =     0.000000


     entering subroutine stress ...

          total   stress  (Ry/bohr**3)                   (kbar)     P=  -20.22
  -0.00013745   0.00000000  -0.00000000        -20.22      0.00     -0.00
  -0.00000000  -0.00013745  -0.00000000         -0.00    -20.22     -0.00
  -0.00000000  -0.00000000  -0.00013745         -0.00     -0.00    -20.22


     BFGS Geometry Optimization

     bfgs converged in   1 scf cycles and   0 bfgs steps
     (criteria: energy <  1.0E-04, force <  1.0E-03)

     End of BFGS Geometry Optimization

     Final energy   =     -37.6087309556 Ry
Begin final coordinates

ATOMIC_POSITIONS (alat)
Al       0.000000000   0.000000000   0.000000000
End final coordinates



  ++++++++++++++++++++++++++++++++++++++++++++++++++++++++++++++++++++++++++++
     I am the master and now I do geometry    8
  ++++++++++++++++++++++++++++++++++++++++++++++++++++++++++++++++++++++++++++


     Current dimensions of program PWSCF are:
     Max number of different atomic species (ntypx) = 10
     Max number of k-points (npk) =  40000
     Max angular momentum in pseudopotentials (lmaxx) =  3

   Info: using nr1, nr2, nr3 values from input

   Info: using nr1, nr2, nr3 values from input
 
     Parallelization info
     --------------------
     sticks:   dense  smooth     PW     G-vecs:    dense   smooth      PW
     Min         210     126     45                 2760     1282     304
     Max         211     127     46                 2761     1283     305
     Sum         421     253     91                 5521     2565     609
 


     bravais-lattice index     =            2
     lattice parameter (alat)  =       7.6880  a.u.
     unit-cell volume          =     113.6005 (a.u.)^3
     number of atoms/cell      =            1
     number of atomic types    =            1
     number of electrons       =         3.00
     number of Kohn-Sham states=            6
     kinetic-energy cutoff     =      30.0000  Ry
     charge density cutoff     =     200.0000  Ry
     convergence threshold     =      1.0E-10
     mixing beta               =       0.7000
     number of iterations used =            8  plain     mixing
     Exchange-correlation      =  SLA  PZ   NOGX NOGC ( 1  1  0  0 0 0)
     nstep                     =           20


     celldm(1)=   7.688000  celldm(2)=   0.000000  celldm(3)=   0.000000
     celldm(4)=   0.000000  celldm(5)=   0.000000  celldm(6)=   0.000000

     crystal axes: (cart. coord. in units of alat)
               a(1) = (  -0.500000   0.000000   0.500000 )  
               a(2) = (   0.000000   0.500000   0.500000 )  
               a(3) = (  -0.500000   0.500000   0.000000 )  

     reciprocal axes: (cart. coord. in units 2 pi/alat)
               b(1) = ( -1.000000 -1.000000  1.000000 )  
               b(2) = (  1.000000  1.000000  1.000000 )  
               b(3) = ( -1.000000  1.000000 -1.000000 )  


     PseudoPot. # 1 for Al read from file:
     /egr/research-cmdgroup/santiama/DFT/espresso/pseudopots/Al.pz-n-kjpaw_psl.0.1.UPF
     MD5 check sum: 5e50e262f7671378a2703eb3a063dedb
     Pseudo is Projector augmented-wave + core cor, Zval =  3.0
     Generated using "atomic" code by A. Dal Corso  v.5.0.2 svn rev. 9415
     Shape of augmentation charge: PSQ
     Using radial grid of 1135 points,  4 beta functions with: 
                l(1) =   0
                l(2) =   0
                l(3) =   1
                l(4) =   1
     Q(r) pseudized with 0 coefficients 


     atomic species   valence    mass     pseudopotential
        Al             3.00    26.98154     Al( 1.00)

     48 Sym. Ops., with inversion, found



   Cartesian axes

     site n.     atom                  positions (alat units)
         1           Al  tau(   1) = (   0.0000000   0.0000000   0.0000000  )

     number of k points=   408  Methfessel-Paxton smearing, width (Ry)=  0.0200

     Number of k-points >= 100: set verbosity='high' to print them.

     Dense  grid:     5521 G-vectors     FFT dimensions: (  25,  25,  25)

     Smooth grid:     2565 G-vectors     FFT dimensions: (  20,  20,  20)

     Estimated max dynamical RAM per process >       7.68Mb

     Estimated total allocated dynamical RAM >      15.37Mb

     Check: negative/imaginary core charge=   -0.000007    0.000000

     Initial potential from superposition of free atoms

     starting charge    2.99797, renormalised to    3.00000
     Starting wfc are    4 randomized atomic wfcs +    2 random wfc
     Checking if some PAW data can be deallocated... 

     total cpu time spent up to now is       46.5 secs

     per-process dynamical memory:    12.0 Mb

     Self-consistent Calculation

     iteration #  1     ecut=    30.00 Ry     beta=0.70
     Davidson diagonalization with overlap
     ethr =  1.00E-02,  avg # of iterations =  4.7

     Threshold (ethr) on eigenvalues was too large:
     Diagonalizing with lowered threshold

     Davidson diagonalization with overlap
     ethr =  1.87E-04,  avg # of iterations =  2.1

     total cpu time spent up to now is       50.8 secs

     total energy              =     -37.60771755 Ry
     Harris-Foulkes estimate   =     -37.60959217 Ry
     estimated scf accuracy    <       0.00536258 Ry

     iteration #  2     ecut=    30.00 Ry     beta=0.70
     Davidson diagonalization with overlap
     ethr =  1.79E-04,  avg # of iterations =  1.1

     total cpu time spent up to now is       52.1 secs

     total energy              =     -37.60770023 Ry
     Harris-Foulkes estimate   =     -37.60781992 Ry
     estimated scf accuracy    <       0.00034425 Ry

     iteration #  3     ecut=    30.00 Ry     beta=0.70
     Davidson diagonalization with overlap
     ethr =  1.15E-05,  avg # of iterations =  2.0

     total cpu time spent up to now is       53.6 secs

     total energy              =     -37.60772833 Ry
     Harris-Foulkes estimate   =     -37.60772877 Ry
     estimated scf accuracy    <       0.00000099 Ry

     iteration #  4     ecut=    30.00 Ry     beta=0.70
     Davidson diagonalization with overlap
     ethr =  3.29E-08,  avg # of iterations =  3.2

     total cpu time spent up to now is       55.4 secs

     total energy              =     -37.60773046 Ry
     Harris-Foulkes estimate   =     -37.60773046 Ry
     estimated scf accuracy    <          5.9E-09 Ry

     iteration #  5     ecut=    30.00 Ry     beta=0.70
     Davidson diagonalization with overlap
     ethr =  1.96E-10,  avg # of iterations =  1.5

     total cpu time spent up to now is       57.4 secs

     total energy              =     -37.60773046 Ry
     Harris-Foulkes estimate   =     -37.60773046 Ry
     estimated scf accuracy    <          2.7E-10 Ry

     iteration #  6     ecut=    30.00 Ry     beta=0.70
     Davidson diagonalization with overlap
     ethr =  8.94E-12,  avg # of iterations =  2.2

     total cpu time spent up to now is       59.1 secs

     End of self-consistent calculation

     Number of k-points >= 100: set verbosity='high' to print the bands.

     the Fermi energy is     7.4715 ev

!    total energy              =     -37.60773046 Ry
     Harris-Foulkes estimate   =     -37.60773046 Ry
     estimated scf accuracy    <          7.6E-12 Ry

     total all-electron energy =      -483.834639 Ry

     The total energy is the sum of the following terms:

     one-electron contribution =       3.12475175 Ry
     hartree contribution      =       0.00553955 Ry
     xc contribution           =      -3.02355548 Ry
     ewald contribution        =      -5.36729434 Ry
     one-center paw contrib.   =     -32.34716003 Ry
     smearing contrib. (-TS)   =      -0.00001190 Ry

     convergence has been achieved in   6 iterations

     Forces acting on atoms (Ry/au):

     atom    1 type  1   force =     0.00000000    0.00000000    0.00000000

     Total force =     0.000000     Total SCF correction =     0.000000


     entering subroutine stress ...

          total   stress  (Ry/bohr**3)                   (kbar)     P=  -47.06
  -0.00031993   0.00000000   0.00000000        -47.06      0.00      0.00
   0.00000000  -0.00031993  -0.00000000          0.00    -47.06     -0.00
   0.00000000  -0.00000000  -0.00031993          0.00     -0.00    -47.06


     BFGS Geometry Optimization

     bfgs converged in   1 scf cycles and   0 bfgs steps
     (criteria: energy <  1.0E-04, force <  1.0E-03)

     End of BFGS Geometry Optimization

     Final energy   =     -37.6077304625 Ry
Begin final coordinates

ATOMIC_POSITIONS (alat)
Al       0.000000000   0.000000000   0.000000000
End final coordinates



  ----------------------------------------------------------------------------
 
     The equilibrium lattice constant is                7.5256 a.u.
     The bulk modulus is                              838.250  kbar
     The pressure derivative of the bulk modulus is     4.542
     The total energy at the minimum is             -37.608913135 Ry
  ----------------------------------------------------------------------------


     Total mass of this unit cell         26.9815 a.m.u.
     Density of this solid                2837.61 kg/m^3         2.8376 g/cm^3

  ++++++++++++++++++++++++++++++++++++++++++++++++++++++++++++++++++++++++++++
     Doing a self-consistent calculation
  ++++++++++++++++++++++++++++++++++++++++++++++++++++++++++++++++++++++++++++


     Current dimensions of program PWSCF are:
     Max number of different atomic species (ntypx) = 10
     Max number of k-points (npk) =  40000
     Max angular momentum in pseudopotentials (lmaxx) =  3

   Info: using nr1, nr2, nr3 values from input

   Info: using nr1, nr2, nr3 values from input
 
     Parallelization info
     --------------------
     sticks:   dense  smooth     PW     G-vecs:    dense   smooth      PW
     Min         189     120     42                 2513     1210     267
     Max         190     121     43                 2516     1211     270
     Sum         379     241     85                 5029     2421     537
 


     bravais-lattice index     =            2
     lattice parameter (alat)  =       7.5256  a.u.
     unit-cell volume          =     106.5516 (a.u.)^3
     number of atoms/cell      =            1
     number of atomic types    =            1
     number of electrons       =         3.00
     number of Kohn-Sham states=            6
     kinetic-energy cutoff     =      30.0000  Ry
     charge density cutoff     =     200.0000  Ry
     convergence threshold     =      1.0E-10
     mixing beta               =       0.7000
     number of iterations used =            8  plain     mixing
     Exchange-correlation      =  SLA  PZ   NOGX NOGC ( 1  1  0  0 0 0)
     nstep                     =           20


     celldm(1)=   7.525579  celldm(2)=   0.000000  celldm(3)=   0.000000
     celldm(4)=   0.000000  celldm(5)=   0.000000  celldm(6)=   0.000000

     crystal axes: (cart. coord. in units of alat)
               a(1) = (  -0.500000   0.000000   0.500000 )  
               a(2) = (   0.000000   0.500000   0.500000 )  
               a(3) = (  -0.500000   0.500000   0.000000 )  

     reciprocal axes: (cart. coord. in units 2 pi/alat)
               b(1) = ( -1.000000 -1.000000  1.000000 )  
               b(2) = (  1.000000  1.000000  1.000000 )  
               b(3) = ( -1.000000  1.000000 -1.000000 )  


     PseudoPot. # 1 for Al read from file:
     /egr/research-cmdgroup/santiama/DFT/espresso/pseudopots/Al.pz-n-kjpaw_psl.0.1.UPF
     MD5 check sum: 5e50e262f7671378a2703eb3a063dedb
     Pseudo is Projector augmented-wave + core cor, Zval =  3.0
     Generated using "atomic" code by A. Dal Corso  v.5.0.2 svn rev. 9415
     Shape of augmentation charge: PSQ
     Using radial grid of 1135 points,  4 beta functions with: 
                l(1) =   0
                l(2) =   0
                l(3) =   1
                l(4) =   1
     Q(r) pseudized with 0 coefficients 


     atomic species   valence    mass     pseudopotential
        Al             3.00    26.98154     Al( 1.00)

     48 Sym. Ops., with inversion, found



   Cartesian axes

     site n.     atom                  positions (alat units)
         1           Al  tau(   1) = (   0.0000000   0.0000000   0.0000000  )

     number of k points=   408  Methfessel-Paxton smearing, width (Ry)=  0.0200

     Number of k-points >= 100: set verbosity='high' to print them.

     Dense  grid:     5029 G-vectors     FFT dimensions: (  24,  24,  24)

     Smooth grid:     2421 G-vectors     FFT dimensions: (  20,  20,  20)

     Estimated max dynamical RAM per process >       7.16Mb

     Estimated total allocated dynamical RAM >      14.32Mb

     Check: negative/imaginary core charge=   -0.000005    0.000000

     Initial potential from superposition of free atoms

     starting charge    2.99797, renormalised to    3.00000
     Starting wfc are    4 randomized atomic wfcs +    2 random wfc
     Checking if some PAW data can be deallocated... 

     total cpu time spent up to now is       73.5 secs

     per-process dynamical memory:     9.6 Mb

     Self-consistent Calculation

     iteration #  1     ecut=    30.00 Ry     beta=0.70
     Davidson diagonalization with overlap
     ethr =  1.00E-02,  avg # of iterations =  4.8

     Threshold (ethr) on eigenvalues was too large:
     Diagonalizing with lowered threshold

     Davidson diagonalization with overlap
     ethr =  1.87E-04,  avg # of iterations =  2.1

     total cpu time spent up to now is       77.9 secs

     total energy              =     -37.60893964 Ry
     Harris-Foulkes estimate   =     -37.61075404 Ry
     estimated scf accuracy    <       0.00532685 Ry

     iteration #  2     ecut=    30.00 Ry     beta=0.70
     Davidson diagonalization with overlap
     ethr =  1.78E-04,  avg # of iterations =  1.0

     total cpu time spent up to now is       79.3 secs

     total energy              =     -37.60888953 Ry
     Harris-Foulkes estimate   =     -37.60901975 Ry
     estimated scf accuracy    <       0.00036242 Ry

     iteration #  3     ecut=    30.00 Ry     beta=0.70
     Davidson diagonalization with overlap
     ethr =  1.21E-05,  avg # of iterations =  1.8

     total cpu time spent up to now is       80.7 secs

     total energy              =     -37.60890833 Ry
     Harris-Foulkes estimate   =     -37.60890855 Ry
     estimated scf accuracy    <       0.00000056 Ry

     iteration #  4     ecut=    30.00 Ry     beta=0.70
     Davidson diagonalization with overlap
     ethr =  1.85E-08,  avg # of iterations =  3.4

     total cpu time spent up to now is       82.7 secs

     total energy              =     -37.60891206 Ry
     Harris-Foulkes estimate   =     -37.60891211 Ry
     estimated scf accuracy    <       0.00000005 Ry

     iteration #  5     ecut=    30.00 Ry     beta=0.70
     Davidson diagonalization with overlap
     ethr =  1.65E-09,  avg # of iterations =  1.1

     total cpu time spent up to now is       84.0 secs

     total energy              =     -37.60891206 Ry
     Harris-Foulkes estimate   =     -37.60891206 Ry
     estimated scf accuracy    <          1.7E-10 Ry

     iteration #  6     ecut=    30.00 Ry     beta=0.70
     Davidson diagonalization with overlap
     ethr =  5.63E-12,  avg # of iterations =  3.2

     total cpu time spent up to now is       85.8 secs

     End of self-consistent calculation

     Number of k-points >= 100: set verbosity='high' to print the bands.

     the Fermi energy is     8.1390 ev

!    total energy              =     -37.60891206 Ry
     Harris-Foulkes estimate   =     -37.60891206 Ry
     estimated scf accuracy    <          1.8E-11 Ry

     total all-electron energy =      -483.835821 Ry

     The total energy is the sum of the following terms:

     one-electron contribution =       3.28034517 Ry
     hartree contribution      =       0.00566683 Ry
     xc contribution           =      -3.05894911 Ry
     ewald contribution        =      -5.48313395 Ry
     one-center paw contrib.   =     -32.35279892 Ry
     smearing contrib. (-TS)   =      -0.00004208 Ry

     convergence has been achieved in   6 iterations

     Forces acting on atoms (Ry/au):

     atom    1 type  1   force =     0.00000000    0.00000000    0.00000000

     Total force =     0.000000     Total SCF correction =     0.000000


     entering subroutine stress ...

          total   stress  (Ry/bohr**3)                   (kbar)     P=   -0.52
  -0.00000354  -0.00000000   0.00000000         -0.52     -0.00      0.00
  -0.00000000  -0.00000354  -0.00000000         -0.00     -0.52     -0.00
   0.00000000  -0.00000000  -0.00000354          0.00     -0.00     -0.52


     BFGS Geometry Optimization

     bfgs converged in   1 scf cycles and   0 bfgs steps
     (criteria: energy <  1.0E-04, force <  1.0E-03)

     End of BFGS Geometry Optimization

     Final energy   =     -37.6089120636 Ry
Begin final coordinates

ATOMIC_POSITIONS (alat)
Al       0.000000000   0.000000000   0.000000000
End final coordinates



     Writing output data file aluminum.save
